<?xml version="1.0" encoding="UTF-8"?>
<testng-results skipped="0" failed="0" ignored="0" total="1" passed="1">
  <reporter-output>
  </reporter-output>
  <suite name="Default suite" duration-ms="2313" started-at="2020-02-05T17:31:54 SGT" finished-at="2020-02-05T17:31:57 SGT">
    <groups>
    </groups>
    <test name="Default test" duration-ms="2313" started-at="2020-02-05T17:31:54 SGT" finished-at="2020-02-05T17:31:57 SGT">
      <class name="LoginTest">
        <test-method status="PASS" signature="setUp()[pri:0, instance:LoginTest@2758fe70]" name="setUp" is-config="true" duration-ms="11758" started-at="2020-02-05T17:31:42 SGT" finished-at="2020-02-05T17:31:54 SGT">
          <reporter-output>
          </reporter-output>
        </test-method> <!-- setUp -->
        <test-method status="PASS" signature="doLogin()[pri:0, instance:LoginTest@2758fe70]" name="doLogin" duration-ms="2294" started-at="2020-02-05T17:31:54 SGT" finished-at="2020-02-05T17:31:57 SGT">
          <reporter-output>
          </reporter-output>
        </test-method> <!-- doLogin -->
        <test-method status="PASS" signature="tearDown()[pri:0, instance:LoginTest@2758fe70]" name="tearDown" is-config="true" duration-ms="609" started-at="2020-02-05T17:31:57 SGT" finished-at="2020-02-05T17:31:57 SGT">
          <reporter-output>
          </reporter-output>
        </test-method> <!-- tearDown -->
      </class> <!-- LoginTest -->
    </test> <!-- Default test -->
  </suite> <!-- Default suite -->
</testng-results>
